<?xml version="1.0" encoding="UTF-8"?>
<testng-results skipped="0" failed="0" ignored="0" total="1" passed="1">
  <reporter-output>
  </reporter-output>
  <suite name="Default suite" duration-ms="7076" started-at="2019-06-12T18:22:19Z" finished-at="2019-06-12T18:22:26Z">
    <groups>
    </groups>
    <test name="Default test" duration-ms="7076" started-at="2019-06-12T18:22:19Z" finished-at="2019-06-12T18:22:26Z">
      <class name="flexonframework.com.testClass.TestCases">
        <test-method status="PASS" signature="initialzeThis()[pri:0, instance:flexonframework.com.testClass.TestCases@604ed9f0]" name="initialzeThis" is-config="true" duration-ms="5246" started-at="2019-06-12T18:22:19Z" finished-at="2019-06-12T18:22:24Z">
          <reporter-output>
          </reporter-output>
        </test-method> <!-- initialzeThis -->
        <test-method status="PASS" signature="enterUnamePass(java.lang.String, java.lang.String)[pri:1, instance:flexonframework.com.testClass.TestCases@604ed9f0]" name="enterUnamePass" duration-ms="1229" started-at="2019-06-12T18:22:24Z" data-provider="newdata" finished-at="2019-06-12T18:22:25Z">
          <params>
            <param index="0">
              <value>
                <![CDATA[nsavla@gmail.com]]>
              </value>
            </param>
            <param index="1">
              <value>
                <![CDATA[nsavla12345]]>
              </value>
            </param>
          </params>
          <reporter-output>
          </reporter-output>
        </test-method> <!-- enterUnamePass -->
        <test-method status="PASS" signature="closeThis()[pri:0, instance:flexonframework.com.testClass.TestCases@604ed9f0]" name="closeThis" is-config="true" duration-ms="574" started-at="2019-06-12T18:22:25Z" finished-at="2019-06-12T18:22:26Z">
          <reporter-output>
          </reporter-output>
        </test-method> <!-- closeThis -->
      </class> <!-- flexonframework.com.testClass.TestCases -->
    </test> <!-- Default test -->
  </suite> <!-- Default suite -->
</testng-results>
